<?xml version="1.0" encoding="UTF-8" ?>
<testsuite tests="2" failures="1" name="org.shahzad.hello.AppTest" time="0.017" errors="0" skipped="0">
  <properties>
[...]
</properties>
  <testcase classname="org.shahzad.hello.AppTest" name="testHelloContructor" time="0.005"/>
  <testcase classname="org.shahzad.hello.AppTest" name="testHelloSay" time="0.012">
    <failure message="expected:&lt;102&gt; but was:&lt;103&gt;" type="junit.framework.AssertionFailedError">junit.framework.AssertionFailedError: expected:&lt;102&gt; but was:&lt;103&gt;
	at junit.framework.Assert.fail(Assert.java:47)
	at junit.framework.Assert.failNotEquals(Assert.java:282)
	at junit.framework.Assert.assertEquals(Assert.java:64)
	at junit.framework.Assert.assertEquals(Assert.java:201)
	at junit.framework.Assert.assertEquals(Assert.java:207)
	at org.shahzad.hello.AppTest.testHelloSay(AppTest.java:74)
</failure>
  </testcase>
</testsuite>